<?xml version="1.0" encoding="UTF-8"?>
<!-- Generated by org.testng.reporters.JUnitXMLReporter -->
<testsuite hostname="W00185VDI" ignored="1" name="Test" tests="5" failures="0" timestamp="31 Dec 2018 08:32:58 GMT" time="0.235" errors="0">
  <testcase name="@BeforeSuite beforeSuite" time="1.262" classname="com.uiFramework.ust.experian.testbase.TestBase">
    <failure type="com.codepine.api.testrail.TestRailException" message="401 - External auth: Bind: Invalid credentials">
      <![CDATA[com.codepine.api.testrail.TestRailException: 401 - External auth: Bind: Invalid credentialsat com.codepine.api.testrail.TestRailException$Builder.build(TestRailException.java:57)at com.codepine.api.testrail.Request.execute(Request.java:142)at com.uiFramework.ust.experian.utils.TestRailReport.createTestrailRun(TestRailReport.java:71)at com.uiFramework.ust.experian.testbase.TestBase.beforeSuite(TestBase.java:59)... Removed 20 stack frames]]>
    </failure>
  </testcase> <!-- @BeforeSuite beforeSuite -->
  <testcase name="@BeforeClass beforeTest" time="0.0" classname="com.uiFramework.ust.experian.testbase.TestBase">
    <skipped/>
  </testcase> <!-- @BeforeClass beforeTest -->
  <testcase name="@BeforeClass beforeTest" time="0.0" classname="com.uiFramework.ust.experian.testbase.TestBase">
    <skipped/>
  </testcase> <!-- @BeforeClass beforeTest -->
  <testcase name="@BeforeMethod beforeMethod" time="0.0" classname="com.uiFramework.ust.experian.testbase.TestBase">
    <skipped/>
  </testcase> <!-- @BeforeMethod beforeMethod -->
  <testcase name="@BeforeMethod beforeMethod" time="0.0" classname="com.uiFramework.ust.experian.testbase.TestBase">
    <skipped/>
  </testcase> <!-- @BeforeMethod beforeMethod -->
  <testcase name="@AfterMethod afterMethod" time="0.0" classname="com.uiFramework.ust.experian.testbase.TestBase">
    <skipped/>
  </testcase> <!-- @AfterMethod afterMethod -->
  <testcase name="@BeforeMethod beforeMethod" time="0.0" classname="com.uiFramework.ust.experian.testbase.TestBase">
    <skipped/>
  </testcase> <!-- @BeforeMethod beforeMethod -->
  <testcase name="@AfterMethod afterMethod" time="0.0" classname="com.uiFramework.ust.experian.testbase.TestBase">
    <skipped/>
  </testcase> <!-- @AfterMethod afterMethod -->
  <testcase name="@BeforeMethod beforeMethod" time="0.0" classname="com.uiFramework.ust.experian.testbase.TestBase">
    <skipped/>
  </testcase> <!-- @BeforeMethod beforeMethod -->
  <testcase name="@AfterMethod afterMethod" time="0.0" classname="com.uiFramework.ust.experian.testbase.TestBase">
    <skipped/>
  </testcase> <!-- @AfterMethod afterMethod -->
  <testcase name="@AfterClass afterTest" time="0.0" classname="com.uiFramework.ust.experian.testbase.TestBase">
    <skipped/>
  </testcase> <!-- @AfterClass afterTest -->
  <testcase name="@AfterMethod afterMethod" time="0.0" classname="com.uiFramework.ust.experian.testbase.TestBase">
    <skipped/>
  </testcase> <!-- @AfterMethod afterMethod -->
  <testcase name="@BeforeMethod beforeMethod" time="0.0" classname="com.uiFramework.ust.experian.testbase.TestBase">
    <skipped/>
  </testcase> <!-- @BeforeMethod beforeMethod -->
  <testcase name="@AfterMethod afterMethod" time="0.0" classname="com.uiFramework.ust.experian.testbase.TestBase">
    <skipped/>
  </testcase> <!-- @AfterMethod afterMethod -->
  <testcase name="@AfterClass afterTest" time="0.0" classname="com.uiFramework.ust.experian.testbase.TestBase">
    <skipped/>
  </testcase> <!-- @AfterClass afterTest -->
  <testcase name="BWAccClosed" time="0.0" classname="com.uiFramework.ust.experian.testScripts.BankWiazrdQueries">
    <skipped/>
  </testcase> <!-- BWAccClosed -->
  <testcase name="BWAccClosed" time="0.0" classname="com.uiFramework.ust.experian.testScripts.BankWiazrdQueries">
    <skipped/>
  </testcase> <!-- BWAccClosed -->
  <testcase name="InvalidDOB" time="0.0" classname="com.uiFramework.ust.experian.testScripts.DrivingLicenseQueries">
    <skipped/>
  </testcase> <!-- InvalidDOB -->
  <testcase name="BWAccHolderDeceased" time="0.0" classname="com.uiFramework.ust.experian.testScripts.BankWiazrdQueries">
    <skipped/>
  </testcase> <!-- BWAccHolderDeceased -->
  <testcase name="ValidDLCheck" time="0.0" classname="com.uiFramework.ust.experian.testScripts.DrivingLicenseQueries">
    <skipped/>
  </testcase> <!-- ValidDLCheck -->
  <testcase name="@BeforeSuite beforeSuite" time="0.0" classname="com.uiFramework.ust.experian.testbase.TestBase">
    <ignored/>
  </testcase> <!-- @BeforeSuite beforeSuite -->
</testsuite> <!-- Test -->
