<?xml version="1.0" encoding="UTF-8"?>
<testsuite xmlns:xsi="http://www.w3.org/2001/XMLSchema-instance" xsi:schemaLocation="https://maven.apache.org/surefire/maven-surefire-plugin/xsd/surefire-test-report.xsd" name="TestSuite" time="3.306" tests="20" errors="0" skipped="19" failures="1">
  <properties>
    <property name="java.runtime.name" value="Java(TM) SE Runtime Environment"/>
    <property name="sun.boot.library.path" value="C:\Program Files\Java\jdk1.8.0_221\jre\bin"/>
    <property name="java.vm.version" value="25.221-b27"/>
    <property name="java.vm.vendor" value="Oracle Corporation"/>
    <property name="maven.multiModuleProjectDirectory" value="C:\UIFramework\uiFramework"/>
    <property name="java.vendor.url" value="http://java.oracle.com/"/>
    <property name="path.separator" value=";"/>
    <property name="guice.disable.misplaced.annotation.check" value="true"/>
    <property name="java.vm.name" value="Java HotSpot(TM) 64-Bit Server VM"/>
    <property name="file.encoding.pkg" value="sun.io"/>
    <property name="user.script" value=""/>
    <property name="user.country" value="GB"/>
    <property name="sun.java.launcher" value="SUN_STANDARD"/>
    <property name="sun.os.patch.level" value="Service Pack 1"/>
    <property name="java.vm.specification.name" value="Java Virtual Machine Specification"/>
    <property name="user.dir" value="C:\UIFramework\uiFramework"/>
    <property name="java.runtime.version" value="1.8.0_221-b27"/>
    <property name="java.awt.graphicsenv" value="sun.awt.Win32GraphicsEnvironment"/>
    <property name="java.endorsed.dirs" value="C:\Program Files\Java\jdk1.8.0_221\jre\lib\endorsed"/>
    <property name="os.arch" value="amd64"/>
    <property name="java.io.tmpdir" value="C:\Users\c50201a\AppData\Local\Temp\"/>
    <property name="line.separator" value="&#10;"/>
    <property name="java.vm.specification.vendor" value="Oracle Corporation"/>
    <property name="user.variant" value=""/>
    <property name="os.name" value="Windows 7"/>
    <property name="classworlds.conf" value="C:\Program Files\apache-maven-3.5.0\bin\..\bin\m2.conf"/>
    <property name="sun.jnu.encoding" value="Cp1252"/>
    <property name="java.library.path" value="C:\Program Files\Java\jdk1.8.0_221\bin;C:\Windows\Sun\Java\bin;C:\Windows\system32;C:\Windows;C:\Program Files (x86)\Common Files\Oracle\Java\javapath;C:\Windows;C:\Windows\System32;C:\Windows\System32\WBEM;C:\Program Files (x86)\WebEx\Productivity Tools;C:\Program Files\Citrix\System32;C:\Program Files\Citrix\ICAService;C:\Program Files\Citrix\Virtual Desktop Agent;C:\Program Files\Citrix\System32;C:\Program Files\Citrix\ICAService;C:\Ruby23-x64\bin;C:\Program Files (x86)\PuTTY;C:\Windows\SYSTEM32\WINDOWSPOWERSHELL\V1.0\;C:\Program Files\apache-maven-3.5.0\BIN;C:\Program Files (x86)\WebEx\PTools020000000;C:\Program Files\dotnet\;C:\Program Files\Microsoft SQL Server\130\Tools\Binn\;C:\Program Files\MySQL\MySQL Utilities 1.6\;C:\Program Files\Git\cmd;C:\Program Files\TortoiseGit\bin;C:\Program Files (x86)\PuTTY\;C:\Program Files\Java\jdk1.8.0_221\bin;C:\Program Files (x86)\Webex\Webex\Applications;C:\Program Files\Microsoft VS Code\bin;C:\Program Files\nodejs;C:\Program Files\nodejs\;C:\Program Files\Java\jdk1.8.0_221;C:\Users\c50201a\AppData\Roaming\npm;."/>
    <property name="maven.conf" value="C:\Program Files\apache-maven-3.5.0\bin\../conf"/>
    <property name="java.specification.name" value="Java Platform API Specification"/>
    <property name="java.class.version" value="52.0"/>
    <property name="sun.management.compiler" value="HotSpot 64-Bit Tiered Compilers"/>
    <property name="os.version" value="6.1"/>
    <property name="library.jansi.path" value="C:\Program Files\apache-maven-3.5.0\bin\..\lib\jansi-native\windows64"/>
    <property name="user.home" value="C:\Users\c50201a"/>
    <property name="user.timezone" value="Europe/London"/>
    <property name="java.awt.printerjob" value="sun.awt.windows.WPrinterJob"/>
    <property name="java.specification.version" value="1.8"/>
    <property name="file.encoding" value="Cp1252"/>
    <property name="user.name" value="c50201a"/>
    <property name="java.class.path" value="C:\Program Files\apache-maven-3.5.0\bin\..\boot\plexus-classworlds-2.5.2.jar"/>
    <property name="java.vm.specification.version" value="1.8"/>
    <property name="sun.arch.data.model" value="64"/>
    <property name="java.home" value="C:\Program Files\Java\jdk1.8.0_221\jre"/>
    <property name="sun.java.command" value="org.codehaus.plexus.classworlds.launcher.Launcher test"/>
    <property name="java.specification.vendor" value="Oracle Corporation"/>
    <property name="user.language" value="en"/>
    <property name="awt.toolkit" value="sun.awt.windows.WToolkit"/>
    <property name="java.vm.info" value="mixed mode"/>
    <property name="java.version" value="1.8.0_221"/>
    <property name="java.ext.dirs" value="C:\Program Files\Java\jdk1.8.0_221\jre\lib\ext;C:\Windows\Sun\Java\lib\ext"/>
    <property name="sun.boot.class.path" value="C:\Program Files\Java\jdk1.8.0_221\jre\lib\resources.jar;C:\Program Files\Java\jdk1.8.0_221\jre\lib\rt.jar;C:\Program Files\Java\jdk1.8.0_221\jre\lib\sunrsasign.jar;C:\Program Files\Java\jdk1.8.0_221\jre\lib\jsse.jar;C:\Program Files\Java\jdk1.8.0_221\jre\lib\jce.jar;C:\Program Files\Java\jdk1.8.0_221\jre\lib\charsets.jar;C:\Program Files\Java\jdk1.8.0_221\jre\lib\jfr.jar;C:\Program Files\Java\jdk1.8.0_221\jre\classes"/>
    <property name="sun.stderr.encoding" value="cp850"/>
    <property name="java.vendor" value="Oracle Corporation"/>
    <property name="maven.home" value="C:\Program Files\apache-maven-3.5.0\bin\.."/>
    <property name="file.separator" value="\"/>
    <property name="java.vendor.url.bug" value="http://bugreport.sun.com/bugreport/"/>
    <property name="sun.cpu.endian" value="little"/>
    <property name="sun.io.unicode.encoding" value="UnicodeLittle"/>
    <property name="sun.stdout.encoding" value="cp850"/>
    <property name="sun.desktop" value="windows"/>
    <property name="sun.cpu.isalist" value="amd64"/>
  </properties>
  <testcase name="beforeSuite" classname="com.uiFramework.ust.experian.testScripts.BankWiazrdQueries" time="2.679">
    <failure message="401 - External auth: Bind: Invalid credentials" type="com.codepine.api.testrail.TestRailException">com.codepine.api.testrail.TestRailException: 401 - External auth: Bind: Invalid credentials
</failure>
    <system-out><![CDATA[4097469
]]></system-out>
  </testcase>
  <testcase name="beforeTest" classname="com.uiFramework.ust.experian.testScripts.BankWiazrdQueries" time="0">
    <skipped/>
  </testcase>
  <testcase name="beforeTest" classname="com.uiFramework.ust.experian.testScripts.DrivingLicenseQueries" time="0">
    <skipped/>
  </testcase>
  <testcase name="beforeMethod" classname="com.uiFramework.ust.experian.testScripts.DrivingLicenseQueries" time="0">
    <skipped/>
    <system-out><![CDATA[2019-08-20 15:08:985 INFO  TestBase :188 - excel location C:\UIFramework\uiFramework\src\main\resources\testdata\DrivingLicense.xlsx
2019-08-20 15:08:985 INFO  TestBase :188 - excel location C:\UIFramework\uiFramework\src\main\resources\testdata\BankWizard.xlsx
]]></system-out>
  </testcase>
  <testcase name="beforeMethod" classname="com.uiFramework.ust.experian.testScripts.DrivingLicenseQueries" time="0">
    <skipped/>
    <system-out><![CDATA[2019-08-20 15:08:242 INFO  TestBase :188 - excel location C:\UIFramework\uiFramework\src\main\resources\testdata\BankWizard.xlsx
]]></system-out>
  </testcase>
  <testcase name="InvalidDOB" classname="com.uiFramework.ust.experian.testScripts.DrivingLicenseQueries" time="0">
    <skipped message="401 - External auth: Bind: Invalid credentials"/>
  </testcase>
  <testcase name="afterMethod" classname="com.uiFramework.ust.experian.testScripts.DrivingLicenseQueries" time="0">
    <skipped/>
  </testcase>
  <testcase name="afterMethod" classname="com.uiFramework.ust.experian.testScripts.DrivingLicenseQueries" time="0">
    <skipped/>
  </testcase>
  <testcase name="beforeMethod" classname="com.uiFramework.ust.experian.testScripts.BankWiazrdQueries" time="0">
    <skipped/>
    <system-out><![CDATA[2019-08-20 15:08:166 INFO  TestBase :188 - excel location C:\UIFramework\uiFramework\src\main\resources\testdata\DrivingLicense.xlsx
]]></system-out>
  </testcase>
  <testcase name="beforeMethod" classname="com.uiFramework.ust.experian.testScripts.BankWiazrdQueries" time="0">
    <skipped/>
  </testcase>
  <testcase name="beforeMethod" classname="com.uiFramework.ust.experian.testScripts.BankWiazrdQueries" time="0">
    <skipped/>
  </testcase>
  <testcase name="BWAccClosed" classname="com.uiFramework.ust.experian.testScripts.BankWiazrdQueries" time="0">
    <skipped message="401 - External auth: Bind: Invalid credentials"/>
  </testcase>
  <testcase name="BWAccClosed" classname="com.uiFramework.ust.experian.testScripts.BankWiazrdQueries" time="0">
    <skipped message="401 - External auth: Bind: Invalid credentials"/>
  </testcase>
  <testcase name="afterMethod" classname="com.uiFramework.ust.experian.testScripts.BankWiazrdQueries" time="0">
    <skipped/>
  </testcase>
  <testcase name="afterMethod" classname="com.uiFramework.ust.experian.testScripts.BankWiazrdQueries" time="0">
    <skipped/>
  </testcase>
  <testcase name="afterMethod" classname="com.uiFramework.ust.experian.testScripts.BankWiazrdQueries" time="0">
    <skipped/>
  </testcase>
  <testcase name="ValidDLCheck" classname="com.uiFramework.ust.experian.testScripts.DrivingLicenseQueries" time="0">
    <skipped message="401 - External auth: Bind: Invalid credentials"/>
  </testcase>
  <testcase name="afterTest" classname="com.uiFramework.ust.experian.testScripts.DrivingLicenseQueries" time="0">
    <skipped/>
  </testcase>
  <testcase name="BWAccHolderDeceased" classname="com.uiFramework.ust.experian.testScripts.BankWiazrdQueries" time="0">
    <skipped message="401 - External auth: Bind: Invalid credentials"/>
  </testcase>
  <testcase name="afterTest" classname="com.uiFramework.ust.experian.testScripts.BankWiazrdQueries" time="0">
    <skipped/>
  </testcase>
</testsuite>