<?xml version="1.0" encoding="UTF-8"?>
<testsuite xmlns:xsi="http://www.w3.org/2001/XMLSchema-instance" xsi:schemaLocation="https://maven.apache.org/surefire/maven-surefire-plugin/xsd/surefire-test-report.xsd" name="TestSuite" time="3.306" tests="20" errors="0" skipped="19" failures="1">
  <properties>
[...]
</properties>
  <testcase name="beforeSuite" classname="com.uiFramework.ust.experian.testScripts.BankWiazrdQueries" time="2.679">
    <failure message="401 - External auth: Bind: Invalid credentials" type="com.codepine.api.testrail.TestRailException">com.codepine.api.testrail.TestRailException: 401 - External auth: Bind: Invalid credentials
</failure>
    <system-out><![CDATA[4097469
]]></system-out>
  </testcase>
  <testcase name="beforeTest" classname="com.uiFramework.ust.experian.testScripts.BankWiazrdQueries" time="0">
    <skipped/>
  </testcase>
  <testcase name="beforeTest" classname="com.uiFramework.ust.experian.testScripts.DrivingLicenseQueries" time="0">
    <skipped/>
  </testcase>
  <testcase name="beforeMethod" classname="com.uiFramework.ust.experian.testScripts.DrivingLicenseQueries" time="0">
    <skipped/>
    <system-out><![CDATA[2019-08-20 15:08:985 INFO  TestBase :188 - excel location C:\UIFramework\uiFramework\src\main\resources\testdata\DrivingLicense.xlsx
2019-08-20 15:08:985 INFO  TestBase :188 - excel location C:\UIFramework\uiFramework\src\main\resources\testdata\BankWizard.xlsx
]]></system-out>
  </testcase>
  <testcase name="beforeMethod" classname="com.uiFramework.ust.experian.testScripts.DrivingLicenseQueries" time="0">
    <skipped/>
    <system-out><![CDATA[2019-08-20 15:08:242 INFO  TestBase :188 - excel location C:\UIFramework\uiFramework\src\main\resources\testdata\BankWizard.xlsx
]]></system-out>
  </testcase>
  <testcase name="InvalidDOB" classname="com.uiFramework.ust.experian.testScripts.DrivingLicenseQueries" time="0">
    <skipped message="401 - External auth: Bind: Invalid credentials"/>
  </testcase>
  <testcase name="afterMethod" classname="com.uiFramework.ust.experian.testScripts.DrivingLicenseQueries" time="0">
    <skipped/>
  </testcase>
  <testcase name="afterMethod" classname="com.uiFramework.ust.experian.testScripts.DrivingLicenseQueries" time="0">
    <skipped/>
  </testcase>
  <testcase name="beforeMethod" classname="com.uiFramework.ust.experian.testScripts.BankWiazrdQueries" time="0">
    <skipped/>
    <system-out><![CDATA[2019-08-20 15:08:166 INFO  TestBase :188 - excel location C:\UIFramework\uiFramework\src\main\resources\testdata\DrivingLicense.xlsx
]]></system-out>
  </testcase>
  <testcase name="beforeMethod" classname="com.uiFramework.ust.experian.testScripts.BankWiazrdQueries" time="0">
    <skipped/>
  </testcase>
  <testcase name="beforeMethod" classname="com.uiFramework.ust.experian.testScripts.BankWiazrdQueries" time="0">
    <skipped/>
  </testcase>
  <testcase name="BWAccClosed" classname="com.uiFramework.ust.experian.testScripts.BankWiazrdQueries" time="0">
    <skipped message="401 - External auth: Bind: Invalid credentials"/>
  </testcase>
  <testcase name="BWAccClosed" classname="com.uiFramework.ust.experian.testScripts.BankWiazrdQueries" time="0">
    <skipped message="401 - External auth: Bind: Invalid credentials"/>
  </testcase>
  <testcase name="afterMethod" classname="com.uiFramework.ust.experian.testScripts.BankWiazrdQueries" time="0">
    <skipped/>
  </testcase>
  <testcase name="afterMethod" classname="com.uiFramework.ust.experian.testScripts.BankWiazrdQueries" time="0">
    <skipped/>
  </testcase>
  <testcase name="afterMethod" classname="com.uiFramework.ust.experian.testScripts.BankWiazrdQueries" time="0">
    <skipped/>
  </testcase>
  <testcase name="ValidDLCheck" classname="com.uiFramework.ust.experian.testScripts.DrivingLicenseQueries" time="0">
    <skipped message="401 - External auth: Bind: Invalid credentials"/>
  </testcase>
  <testcase name="afterTest" classname="com.uiFramework.ust.experian.testScripts.DrivingLicenseQueries" time="0">
    <skipped/>
  </testcase>
  <testcase name="BWAccHolderDeceased" classname="com.uiFramework.ust.experian.testScripts.BankWiazrdQueries" time="0">
    <skipped message="401 - External auth: Bind: Invalid credentials"/>
  </testcase>
  <testcase name="afterTest" classname="com.uiFramework.ust.experian.testScripts.BankWiazrdQueries" time="0">
    <skipped/>
  </testcase>
</testsuite>